<?xml version="1.0" encoding="UTF-8"?>
<!-- Generated by org.testng.reporters.JUnitReportReporter -->
<testsuite skipped="0" hostname="IN5CG9292KLF" name="com.cvx.qa.runners.GoIbiboTestRunnerAndroidTabChrome" tests="1" failures="0" timestamp="2019-11-19T16:33:46 IST" time="49.266" errors="0">
  <testcase name="feature" time="49.266" classname="com.cvx.qa.runners.GoIbiboTestRunnerAndroidTabChrome"/>
</testsuite> <!-- com.cvx.qa.runners.GoIbiboTestRunnerAndroidTabChrome -->
