<?xml version="1.0" encoding="UTF-8"?>
<!-- Generated by org.testng.reporters.JUnitReportReporter -->
<testsuite skipped="0" hostname="IN5CG9292KLF" name="com.cvx.qa.runners.GoIbiboTestRunnerEdge" tests="1" failures="0" timestamp="2019-11-19T16:33:46 IST" time="23.087" errors="0">
  <testcase name="feature" time="23.087" classname="com.cvx.qa.runners.GoIbiboTestRunnerEdge"/>
</testsuite> <!-- com.cvx.qa.runners.GoIbiboTestRunnerEdge -->
