<?xml version="1.0" encoding="UTF-8"?>
<!-- Generated by org.testng.reporters.JUnitReportReporter -->
<testsuite skipped="0" hostname="IN5CG9292KLF" name="com.cvx.qa.runners.GoIbiboTestRunner" tests="1" failures="0" timestamp="2019-11-13T12:53:37 IST" time="26.634" errors="0">
  <testcase name="feature" time="26.634" classname="com.cvx.qa.runners.GoIbiboTestRunner"/>
</testsuite> <!-- com.cvx.qa.runners.GoIbiboTestRunner -->
