<?xml version="1.0" encoding="UTF-8"?>
<!-- Generated by org.testng.reporters.JUnitReportReporter -->
<testsuite skipped="0" hostname="IN5CG9292KLF" name="com.cvx.qa.runners.GoIbiboTestRunnerChrome" tests="1" failures="0" timestamp="2019-11-21T10:03:21 IST" time="26.372" errors="0">
  <testcase name="feature" time="26.372" classname="com.cvx.qa.runners.GoIbiboTestRunnerChrome"/>
</testsuite> <!-- com.cvx.qa.runners.GoIbiboTestRunnerChrome -->
