<?xml version="1.0" encoding="UTF-8"?>
<!-- Generated by org.testng.reporters.JUnitReportReporter -->
<testsuite skipped="0" hostname="IN5CG9292KLF" name="com.cvx.qa.runners.GoIbiboTestRunnerIE11" tests="1" failures="0" timestamp="2019-11-19T16:33:46 IST" time="27.873" errors="0">
  <testcase name="feature" time="27.873" classname="com.cvx.qa.runners.GoIbiboTestRunnerIE11"/>
</testsuite> <!-- com.cvx.qa.runners.GoIbiboTestRunnerIE11 -->
