<?xml version="1.0" encoding="UTF-8"?>
<!-- Generated by org.testng.reporters.JUnitReportReporter -->
<testsuite skipped="0" hostname="IN5CG9292KLF" name="com.cvx.qa.runners.GoIbiboTestRunnerAndroidChrome" tests="1" failures="0" timestamp="2019-11-18T10:43:16 IST" time="40.286" errors="0">
  <testcase name="feature" time="40.286" classname="com.cvx.qa.runners.GoIbiboTestRunnerAndroidChrome"/>
</testsuite> <!-- com.cvx.qa.runners.GoIbiboTestRunnerAndroidChrome -->
