<?xml version="1.0" encoding="UTF-8"?>
<!-- Generated by org.testng.reporters.JUnitReportReporter -->
<testsuite skipped="0" hostname="IN5CG9292KLF" name="com.cvx.qa.runners.GoIbiboTestRunnerChrome" tests="1" failures="0" timestamp="2019-11-20T14:50:06 IST" time="122.498" errors="0">
  <testcase name="feature" time="122.498" classname="com.cvx.qa.runners.GoIbiboTestRunnerChrome"/>
</testsuite> <!-- com.cvx.qa.runners.GoIbiboTestRunnerChrome -->
