<?xml version="1.0" encoding="UTF-8"?>
<!-- Generated by org.testng.reporters.JUnitReportReporter -->
<testsuite skipped="0" hostname="IN5CG9292KLF" name="com.cvx.qa.runners.GoIbiboTestRunnerIE11" tests="1" failures="0" timestamp="2019-11-19T17:01:19 IST" time="20.912" errors="0">
  <testcase name="feature" time="20.912" classname="com.cvx.qa.runners.GoIbiboTestRunnerIE11"/>
</testsuite> <!-- com.cvx.qa.runners.GoIbiboTestRunnerIE11 -->
