<?xml version="1.0" encoding="UTF-8"?>
<!-- Generated by org.testng.reporters.JUnitReportReporter -->
<testsuite skipped="0" hostname="IN5CG9292KLF" name="com.cvx.qa.runners.GoIbiboTestRunnerAndroidTabChrome" tests="1" failures="0" timestamp="2019-11-20T14:50:06 IST" time="74.370" errors="0">
  <testcase name="feature" time="74.370" classname="com.cvx.qa.runners.GoIbiboTestRunnerAndroidTabChrome"/>
</testsuite> <!-- com.cvx.qa.runners.GoIbiboTestRunnerAndroidTabChrome -->
