<?xml version="1.0" encoding="UTF-8"?>
<!-- Generated by org.testng.reporters.JUnitReportReporter -->
<testsuite skipped="0" hostname="IN5CG9292KLF" name="com.cvx.qa.runners.GoIbiboTestRunnerAndroidMobileChrome" tests="1" failures="0" timestamp="2019-11-19T17:01:19 IST" time="43.952" errors="0">
  <testcase name="feature" time="43.952" classname="com.cvx.qa.runners.GoIbiboTestRunnerAndroidMobileChrome"/>
</testsuite> <!-- com.cvx.qa.runners.GoIbiboTestRunnerAndroidMobileChrome -->
